#
# There is insufficient memory for the Java Runtime Environment to continue.
# Native memory allocation (malloc) failed to allocate 109296 bytes for Chunk::new
# Possible reasons:
#   The system is out of physical RAM or swap space
#   In 32 bit mode, the process size limit was hit
# Possible solutions:
#   Reduce memory load on the system
#   Increase physical memory or swap space
#   Check if swap backing store is full
#   Use 64 bit Java on a 64 bit OS
#   Decrease Java heap size (-Xmx/-Xms)
#   Decrease number of Java threads
#   Decrease Java thread stack sizes (-Xss)
#   Set larger code cache with -XX:ReservedCodeCacheSize=
# This output file may be truncated or incomplete.
#
#  Out of Memory Error (allocation.cpp:390), pid=7948, tid=8540
#
# JRE version: Java(TM) SE Runtime Environment (8.0_91-b15) (build 1.8.0_91-b15)
# Java VM: Java HotSpot(TM) 64-Bit Server VM (25.91-b15 mixed mode windows-amd64 compressed oops)
# Failed to write core dump. Minidumps are not enabled by default on client versions of Windows
#

---------------  T H R E A D  ---------------

Current thread (0x00000000175dd000):  JavaThread "C2 CompilerThread0" daemon [_thread_in_native, id=8540, stack(0x00000000185f0000,0x00000000186f0000)]

Stack: [0x00000000185f0000,0x00000000186f0000]
[error occurred during error reporting (printing stack bounds), id 0xc0000005]

Native frames: (J=compiled Java code, j=interpreted, Vv=VM code, C=native code)


Current CompileTask:
C2:  23917 6694       4       org.gradle.cache.internal.btree.CachingBlockStore::read (67 bytes)


---------------  P R O C E S S  ---------------

Java Threads: ( => current thread )
  0x0000000019dbb800 JavaThread "stdout" daemon [_thread_in_native, id=7992, stack(0x0000000022f70000,0x0000000023070000)]
  0x0000000019dc2000 JavaThread "stderr" daemon [_thread_in_native, id=8828, stack(0x0000000022e70000,0x0000000022f70000)]
  0x0000000019dbc000 JavaThread "stdout" daemon [_thread_in_native, id=8940, stack(0x0000000022d70000,0x0000000022e70000)]
  0x0000000019dba800 JavaThread "stderr" daemon [_thread_in_native, id=8860, stack(0x0000000022c70000,0x0000000022d70000)]
  0x0000000019dbe800 JavaThread "stdout" daemon [_thread_in_native, id=5948, stack(0x0000000022b70000,0x0000000022c70000)]
  0x0000000019dc1800 JavaThread "stderr" daemon [_thread_in_native, id=8344, stack(0x0000000022a70000,0x0000000022b70000)]
  0x0000000019dc0800 JavaThread "stdout" daemon [_thread_in_native, id=8792, stack(0x0000000022970000,0x0000000022a70000)]
  0x0000000019dc0000 JavaThread "stderr" daemon [_thread_in_native, id=7840, stack(0x0000000022870000,0x0000000022970000)]
  0x0000000019dbf000 JavaThread "stdout" daemon [_thread_in_native, id=6900, stack(0x0000000022770000,0x0000000022870000)]
  0x000000001b6e8800 JavaThread "stderr" daemon [_thread_in_native, id=1016, stack(0x0000000022670000,0x0000000022770000)]
  0x000000001b6e8000 JavaThread "stdout" daemon [_thread_in_native, id=6780, stack(0x0000000022570000,0x0000000022670000)]
  0x000000001b6e7000 JavaThread "stderr" daemon [_thread_in_native, id=8784, stack(0x0000000022470000,0x0000000022570000)]
  0x000000001b6ea000 JavaThread "stdout" daemon [_thread_in_native, id=9144, stack(0x0000000022370000,0x0000000022470000)]
  0x000000001b6e6800 JavaThread "stderr" daemon [_thread_in_native, id=9124, stack(0x0000000022270000,0x0000000022370000)]
  0x000000001b6e9800 JavaThread "stdout" daemon [_thread_in_native, id=2556, stack(0x0000000022070000,0x0000000022170000)]
  0x000000001b6e5800 JavaThread "stderr" daemon [_thread_in_native, id=8312, stack(0x0000000021f70000,0x0000000022070000)]
  0x000000001b6de000 JavaThread "stdout" daemon [_thread_in_native, id=8948, stack(0x0000000021e70000,0x0000000021f70000)]
  0x000000001b6e5000 JavaThread "stderr" daemon [_thread_in_native, id=8988, stack(0x0000000021d70000,0x0000000021e70000)]
  0x000000001b6e4000 JavaThread "stdout" daemon [_thread_in_native, id=8460, stack(0x0000000021c70000,0x0000000021d70000)]
  0x000000001b6dc800 JavaThread "stderr" daemon [_thread_in_native, id=7288, stack(0x0000000021b70000,0x0000000021c70000)]
  0x000000001b6dc000 JavaThread "stdout" daemon [_thread_in_native, id=6840, stack(0x0000000021970000,0x0000000021a70000)]
  0x000000001b6e2800 JavaThread "stderr" daemon [_thread_in_native, id=5332, stack(0x0000000021870000,0x0000000021970000)]
  0x000000001b6e0800 JavaThread "stdout" daemon [_thread_in_native, id=6352, stack(0x0000000021770000,0x0000000021870000)]
  0x000000001b6db000 JavaThread "stderr" daemon [_thread_in_native, id=6440, stack(0x0000000021670000,0x0000000021770000)]
  0x000000001b6df800 JavaThread "stdout" daemon [_thread_in_native, id=7220, stack(0x0000000021570000,0x0000000021670000)]
  0x000000001b6e2000 JavaThread "stderr" daemon [_thread_in_native, id=6204, stack(0x0000000021470000,0x0000000021570000)]
  0x000000001b6df000 JavaThread "stdout" daemon [_thread_in_native, id=8776, stack(0x0000000021370000,0x0000000021470000)]
  0x000000001b6e1000 JavaThread "stderr" daemon [_thread_in_native, id=212, stack(0x0000000021270000,0x0000000021370000)]
  0x000000001b6dd800 JavaThread "stdout" daemon [_thread_in_native, id=3124, stack(0x0000000021170000,0x0000000021270000)]
  0x0000000019487800 JavaThread "stderr" daemon [_thread_in_native, id=6556, stack(0x0000000021070000,0x0000000021170000)]
  0x0000000019487000 JavaThread "stdout" daemon [_thread_in_native, id=3156, stack(0x0000000020e70000,0x0000000020f70000)]
  0x0000000019483000 JavaThread "stderr" daemon [_thread_in_native, id=1864, stack(0x0000000020d70000,0x0000000020e70000)]
  0x0000000019488800 JavaThread "stdout" daemon [_thread_in_native, id=2464, stack(0x0000000020c70000,0x0000000020d70000)]
  0x0000000019486000 JavaThread "stderr" daemon [_thread_in_native, id=9164, stack(0x0000000020b70000,0x0000000020c70000)]
  0x0000000019485800 JavaThread "stdout" daemon [_thread_in_native, id=8428, stack(0x0000000020a70000,0x0000000020b70000)]
  0x0000000019489000 JavaThread "stderr" daemon [_thread_in_native, id=8528, stack(0x0000000020970000,0x0000000020a70000)]
  0x0000000019484000 JavaThread "png-cruncher_20" daemon [_thread_blocked, id=5704, stack(0x0000000020870000,0x0000000020970000)]
  0x0000000019484800 JavaThread "png-cruncher_19" daemon [_thread_blocked, id=8240, stack(0x0000000020770000,0x0000000020870000)]
  0x000000001947b800 JavaThread "png-cruncher_18" daemon [_thread_blocked, id=5248, stack(0x0000000020670000,0x0000000020770000)]
  0x000000001947c800 JavaThread "png-cruncher_17" daemon [_thread_blocked, id=2408, stack(0x0000000020570000,0x0000000020670000)]
  0x0000000019482800 JavaThread "png-cruncher_16" daemon [_thread_blocked, id=8444, stack(0x0000000020470000,0x0000000020570000)]
  0x0000000019481000 JavaThread "stdout" daemon [_thread_in_native, id=1800, stack(0x0000000020370000,0x0000000020470000)]
  0x000000001947d000 JavaThread "stdout" daemon [_thread_in_native, id=6760, stack(0x0000000020270000,0x0000000020370000)]
  0x0000000019481800 JavaThread "stderr" daemon [_thread_in_native, id=4140, stack(0x0000000020170000,0x0000000020270000)]
  0x000000001947b000 JavaThread "stderr" daemon [_thread_in_native, id=4000, stack(0x0000000020070000,0x0000000020170000)]
  0x0000000019480000 JavaThread "png-cruncher_15" daemon [_thread_blocked, id=8656, stack(0x000000001fe70000,0x000000001ff70000)]
  0x000000001947e800 JavaThread "png-cruncher_14" daemon [_thread_blocked, id=688, stack(0x000000001fd70000,0x000000001fe70000)]
  0x000000001947e000 JavaThread "png-cruncher_13" daemon [_thread_blocked, id=8688, stack(0x000000001fc70000,0x000000001fd70000)]
  0x000000001947f800 JavaThread "png-cruncher_12" daemon [_thread_blocked, id=6420, stack(0x000000001fb70000,0x000000001fc70000)]
  0x000000001947a000 JavaThread "png-cruncher_11" daemon [_thread_blocked, id=8372, stack(0x000000001fa70000,0x000000001fb70000)]
  0x000000001a8f3800 JavaThread "png-cruncher_10" daemon [_thread_blocked, id=8900, stack(0x000000001f970000,0x000000001fa70000)]
  0x000000001a8f2800 JavaThread "png-cruncher_9" daemon [_thread_blocked, id=8544, stack(0x000000001f870000,0x000000001f970000)]
  0x000000001a8ef800 JavaThread "png-cruncher_8" daemon [_thread_blocked, id=7452, stack(0x000000001f770000,0x000000001f870000)]
  0x000000001a8ef000 JavaThread "png-cruncher_7" daemon [_thread_blocked, id=9012, stack(0x000000001f670000,0x000000001f770000)]
  0x000000001a8ee000 JavaThread "png-cruncher_6" daemon [_thread_blocked, id=4976, stack(0x000000001f570000,0x000000001f670000)]
  0x000000001a8f5000 JavaThread "png-cruncher_5" daemon [_thread_blocked, id=9152, stack(0x000000001f270000,0x000000001f370000)]
  0x000000001b9ee000 JavaThread "png-cruncher_4" daemon [_thread_blocked, id=8716, stack(0x000000001f170000,0x000000001f270000)]
  0x000000001b9eb800 JavaThread "png-cruncher_3" daemon [_thread_blocked, id=2840, stack(0x000000001f070000,0x000000001f170000)]
  0x000000001b9ea800 JavaThread "png-cruncher_2" daemon [_thread_blocked, id=5696, stack(0x000000001ef70000,0x000000001f070000)]
  0x000000001b657000 JavaThread "png-cruncher_1" daemon [_thread_blocked, id=1668, stack(0x000000001ee70000,0x000000001ef70000)]
  0x000000001948c800 JavaThread "pool-4-thread-2" [_thread_blocked, id=6628, stack(0x000000001ed70000,0x000000001ee70000)]
  0x000000001948b800 JavaThread "pool-4-thread-1" [_thread_blocked, id=3900, stack(0x000000001dbd0000,0x000000001dcd0000)]
  0x000000001b605800 JavaThread "pool-1-thread-1" [_thread_blocked, id=5780, stack(0x0000000019770000,0x0000000019870000)]
  0x000000001bdb1000 JavaThread "File lock request listener" [_thread_in_native, id=8992, stack(0x00000000195f0000,0x00000000196f0000)]
  0x000000001763b800 JavaThread "Service Thread" daemon [_thread_blocked, id=8920, stack(0x00000000187f0000,0x00000000188f0000)]
  0x0000000017633800 JavaThread "C1 CompilerThread1" daemon [_thread_blocked, id=6664, stack(0x00000000186f0000,0x00000000187f0000)]
=>0x00000000175dd000 JavaThread "C2 CompilerThread0" daemon [_thread_in_native, id=8540, stack(0x00000000185f0000,0x00000000186f0000)]
  0x00000000175d6000 JavaThread "Attach Listener" daemon [_thread_blocked, id=4200, stack(0x00000000184f0000,0x00000000185f0000)]
  0x00000000175d3000 JavaThread "Signal Dispatcher" daemon [_thread_blocked, id=8768, stack(0x00000000183f0000,0x00000000184f0000)]
  0x00000000175c8800 JavaThread "Finalizer" daemon [_thread_blocked, id=32, stack(0x0000000018210000,0x0000000018310000)]
  0x0000000002c7d000 JavaThread "Reference Handler" daemon [_thread_blocked, id=8984, stack(0x0000000018110000,0x0000000018210000)]
  0x0000000002a8d800 JavaThread "main" [_thread_in_Java, id=3424, stack(0x00000000028e0000,0x00000000029e0000)]

Other Threads:
  0x00000000175a7000 VMThread [stack: 0x0000000018010000,0x0000000018110000] [id=7720]
  0x0000000017651000 WatcherThread [stack: 0x00000000188f0000,0x00000000189f0000] [id=4472]

VM state:not at safepoint (normal execution)

VM Mutex/Monitor currently owned by a thread: None

Heap:
 PSYoungGen      total 237056K, used 184954K [0x00000000d5b00000, 0x00000000eb500000, 0x0000000100000000)
  eden space 222720K, 76% used [0x00000000d5b00000,0x00000000e01a13d0,0x00000000e3480000)
  from space 14336K, 99% used [0x00000000e3480000,0x00000000e427d740,0x00000000e4280000)
  to   space 19456K, 0% used [0x00000000ea200000,0x00000000ea200000,0x00000000eb500000)
 ParOldGen       total 72192K, used 26215K [0x0000000081000000, 0x0000000085680000, 0x00000000d5b00000)
  object space 72192K, 36% used [0x0000000081000000,0x0000000082999db0,0x0000000085680000)
 Metaspace       used 46640K, capacity 47834K, committed 47960K, reserved 1091584K
  class space    used 6320K, capacity 6680K, committed 6744K, reserved 1048576K

Card table byte_map: [0x0000000012050000,0x0000000012450000] byte_map_base: 0x0000000011c48000

Marking Bits: (ParMarkBitMap*) 0x000000005c8a2f70
 Begin Bits: [0x0000000012900000, 0x00000000148c0000)
 End Bits:   [0x00000000148c0000, 0x0000000016880000)

Polling page: 0x0000000002870000

CodeCache: size=245760Kb used=19858Kb max_used=20837Kb free=225901Kb
 bounds [0x0000000002c90000, 0x0000000004100000, 0x0000000011c90000]
 total_blobs=6496 nmethods=5807 adapters=602
 compilation: enabled

Compilation events (10 events):
Event: 23.769 Thread 0x0000000017633800 6692       3       org.gradle.cache.internal.btree.BTreePersistentIndexedCache$DataBlock::getSize (8 bytes)
Event: 23.770 Thread 0x0000000017633800 nmethod 6692 0x0000000002e8b650 code [0x0000000002e8b7a0, 0x0000000002e8b8f0]
Event: 23.770 Thread 0x0000000017633800 6693       3       org.gradle.cache.internal.btree.BTreePersistentIndexedCache$IndexBlock::put (136 bytes)
Event: 23.771 Thread 0x0000000017633800 nmethod 6693 0x00000000033b8a50 code [0x00000000033b8ca0, 0x00000000033b9a48]
Event: 23.771 Thread 0x00000000175dd000 nmethod 6690 0x00000000039e2ad0 code [0x00000000039e2d20, 0x00000000039e3b90]
Event: 23.771 Thread 0x00000000175dd000 6691       4       org.gradle.cache.internal.btree.FileBackedBlockStore$BlockImpl::getPos (35 bytes)
Event: 23.773 Thread 0x00000000175dd000 nmethod 6691 0x0000000002ebec10 code [0x0000000002ebed60, 0x0000000002ebeef8]
Event: 23.779 Thread 0x00000000175dd000 6694       4       org.gradle.cache.internal.btree.CachingBlockStore::read (67 bytes)
Event: 23.816 Thread 0x0000000017633800 6696       1       java.io.OutputStream::close (1 bytes)
Event: 23.816 Thread 0x0000000017633800 nmethod 6696 0x0000000002e8b310 code [0x0000000002e8b460, 0x0000000002e8b570]

GC Heap History (10 events):
Event: 6.118 GC heap before
{Heap before GC invocations=7 (full 1):
 PSYoungGen      total 71680K, used 66560K [0x00000000d5b00000, 0x00000000df200000, 0x0000000100000000)
  eden space 66560K, 100% used [0x00000000d5b00000,0x00000000d9c00000,0x00000000d9c00000)
  from space 5120K, 0% used [0x00000000d9c00000,0x00000000d9c00000,0x00000000da100000)
  to   space 10752K, 0% used [0x00000000de780000,0x00000000de780000,0x00000000df200000)
 ParOldGen       total 56320K, used 13107K [0x0000000081000000, 0x0000000084700000, 0x00000000d5b00000)
  object space 56320K, 23% used [0x0000000081000000,0x0000000081cccd08,0x0000000084700000)
 Metaspace       used 26652K, capacity 27080K, committed 27520K, reserved 1073152K
  class space    used 3706K, capacity 3886K, committed 3968K, reserved 1048576K
Event: 6.129 GC heap after
Heap after GC invocations=7 (full 1):
 PSYoungGen      total 130048K, used 6478K [0x00000000d5b00000, 0x00000000dee00000, 0x0000000100000000)
  eden space 123392K, 0% used [0x00000000d5b00000,0x00000000d5b00000,0x00000000dd380000)
  from space 6656K, 97% used [0x00000000de780000,0x00000000dedd3900,0x00000000dee00000)
  to   space 10240K, 0% used [0x00000000dda00000,0x00000000dda00000,0x00000000de400000)
 ParOldGen       total 56320K, used 13115K [0x0000000081000000, 0x0000000084700000, 0x00000000d5b00000)
  object space 56320K, 23% used [0x0000000081000000,0x0000000081cced08,0x0000000084700000)
 Metaspace       used 26652K, capacity 27080K, committed 27520K, reserved 1073152K
  class space    used 3706K, capacity 3886K, committed 3968K, reserved 1048576K
}
Event: 9.439 GC heap before
{Heap before GC invocations=8 (full 1):
 PSYoungGen      total 130048K, used 129870K [0x00000000d5b00000, 0x00000000dee00000, 0x0000000100000000)
  eden space 123392K, 100% used [0x00000000d5b00000,0x00000000dd380000,0x00000000dd380000)
  from space 6656K, 97% used [0x00000000de780000,0x00000000dedd3900,0x00000000dee00000)
  to   space 10240K, 0% used [0x00000000dda00000,0x00000000dda00000,0x00000000de400000)
 ParOldGen       total 56320K, used 13115K [0x0000000081000000, 0x0000000084700000, 0x00000000d5b00000)
  object space 56320K, 23% used [0x0000000081000000,0x0000000081cced08,0x0000000084700000)
 Metaspace       used 34071K, capacity 34592K, committed 35072K, reserved 1079296K
  class space    used 4623K, capacity 4767K, committed 4864K, reserved 1048576K
Event: 9.463 GC heap after
Heap after GC invocations=8 (full 1):
 PSYoungGen      total 140288K, used 10226K [0x00000000d5b00000, 0x00000000e4f80000, 0x0000000100000000)
  eden space 130048K, 0% used [0x00000000d5b00000,0x00000000d5b00000,0x00000000dda00000)
  from space 10240K, 99% used [0x00000000dda00000,0x00000000de3fca98,0x00000000de400000)
  to   space 13312K, 0% used [0x00000000e4280000,0x00000000e4280000,0x00000000e4f80000)
 ParOldGen       total 56320K, used 16556K [0x0000000081000000, 0x0000000084700000, 0x00000000d5b00000)
  object space 56320K, 29% used [0x0000000081000000,0x000000008202b280,0x0000000084700000)
 Metaspace       used 34071K, capacity 34592K, committed 35072K, reserved 1079296K
  class space    used 4623K, capacity 4767K, committed 4864K, reserved 1048576K
}
Event: 9.987 GC heap before
{Heap before GC invocations=9 (full 1):
 PSYoungGen      total 140288K, used 36174K [0x00000000d5b00000, 0x00000000e4f80000, 0x0000000100000000)
  eden space 130048K, 19% used [0x00000000d5b00000,0x00000000d7456f80,0x00000000dda00000)
  from space 10240K, 99% used [0x00000000dda00000,0x00000000de3fca98,0x00000000de400000)
  to   space 13312K, 0% used [0x00000000e4280000,0x00000000e4280000,0x00000000e4f80000)
 ParOldGen       total 56320K, used 16556K [0x0000000081000000, 0x0000000084700000, 0x00000000d5b00000)
  object space 56320K, 29% used [0x0000000081000000,0x000000008202b280,0x0000000084700000)
 Metaspace       used 34589K, capacity 35194K, committed 35416K, reserved 1079296K
  class space    used 4717K, capacity 4924K, committed 4952K, reserved 1048576K
Event: 10.069 GC heap after
Heap after GC invocations=9 (full 1):
 PSYoungGen      total 236032K, used 11848K [0x00000000d5b00000, 0x00000000e5f00000, 0x0000000100000000)
  eden space 222720K, 0% used [0x00000000d5b00000,0x00000000d5b00000,0x00000000e3480000)
  from space 13312K, 89% used [0x00000000e4280000,0x00000000e4e121f0,0x00000000e4f80000)
  to   space 14336K, 0% used [0x00000000e3480000,0x00000000e3480000,0x00000000e4280000)
 ParOldGen       total 56320K, used 16556K [0x0000000081000000, 0x0000000084700000, 0x00000000d5b00000)
  object space 56320K, 29% used [0x0000000081000000,0x000000008202b280,0x0000000084700000)
 Metaspace       used 34589K, capacity 35194K, committed 35416K, reserved 1079296K
  class space    used 4717K, capacity 4924K, committed 4952K, reserved 1048576K
}
Event: 10.069 GC heap before
{Heap before GC invocations=10 (full 2):
 PSYoungGen      total 236032K, used 11848K [0x00000000d5b00000, 0x00000000e5f00000, 0x0000000100000000)
  eden space 222720K, 0% used [0x00000000d5b00000,0x00000000d5b00000,0x00000000e3480000)
  from space 13312K, 89% used [0x00000000e4280000,0x00000000e4e121f0,0x00000000e4f80000)
  to   space 14336K, 0% used [0x00000000e3480000,0x00000000e3480000,0x00000000e4280000)
 ParOldGen       total 56320K, used 16556K [0x0000000081000000, 0x0000000084700000, 0x00000000d5b00000)
  object space 56320K, 29% used [0x0000000081000000,0x000000008202b280,0x0000000084700000)
 Metaspace       used 34589K, capacity 35194K, committed 35416K, reserved 1079296K
  class space    used 4717K, capacity 4924K, committed 4952K, reserved 1048576K
Event: 10.344 GC heap after
Heap after GC invocations=10 (full 2):
 PSYoungGen      total 236032K, used 0K [0x00000000d5b00000, 0x00000000e5f00000, 0x0000000100000000)
  eden space 222720K, 0% used [0x00000000d5b00000,0x00000000d5b00000,0x00000000e3480000)
  from space 13312K, 0% used [0x00000000e4280000,0x00000000e4280000,0x00000000e4f80000)
  to   space 14336K, 0% used [0x00000000e3480000,0x00000000e3480000,0x00000000e4280000)
 ParOldGen       total 72192K, used 18964K [0x0000000081000000, 0x0000000085680000, 0x00000000d5b00000)
  object space 72192K, 26% used [0x0000000081000000,0x00000000822852e8,0x0000000085680000)
 Metaspace       used 34589K, capacity 35194K, committed 35416K, reserved 1079296K
  class space    used 4717K, capacity 4924K, committed 4952K, reserved 1048576K
}
Event: 18.753 GC heap before
{Heap before GC invocations=11 (full 2):
 PSYoungGen      total 236032K, used 222720K [0x00000000d5b00000, 0x00000000e5f00000, 0x0000000100000000)
  eden space 222720K, 100% used [0x00000000d5b00000,0x00000000e3480000,0x00000000e3480000)
  from space 13312K, 0% used [0x00000000e4280000,0x00000000e4280000,0x00000000e4f80000)
  to   space 14336K, 0% used [0x00000000e3480000,0x00000000e3480000,0x00000000e4280000)
 ParOldGen       total 72192K, used 18964K [0x0000000081000000, 0x0000000085680000, 0x00000000d5b00000)
  object space 72192K, 26% used [0x0000000081000000,0x00000000822852e8,0x0000000085680000)
 Metaspace       used 45799K, capacity 46968K, committed 47064K, reserved 1089536K
  class space    used 6245K, capacity 6547K, committed 6616K, reserved 1048576K
Event: 18.797 GC heap after
Heap after GC invocations=11 (full 2):
 PSYoungGen      total 237056K, used 14325K [0x00000000d5b00000, 0x00000000eb500000, 0x0000000100000000)
  eden space 222720K, 0% used [0x00000000d5b00000,0x00000000d5b00000,0x00000000e3480000)
  from space 14336K, 99% used [0x00000000e3480000,0x00000000e427d740,0x00000000e4280000)
  to   space 19456K, 0% used [0x00000000ea200000,0x00000000ea200000,0x00000000eb500000)
 ParOldGen       total 72192K, used 26215K [0x0000000081000000, 0x0000000085680000, 0x00000000d5b00000)
  object space 72192K, 36% used [0x0000000081000000,0x0000000082999db0,0x0000000085680000)
 Metaspace       used 45799K, capacity 46968K, committed 47064K, reserved 1089536K
  class space    used 6245K, capacity 6547K, committed 6616K, reserved 1048576K
}

Deoptimization events (10 events):
Event: 23.463 Thread 0x0000000002a8d800 Uncommon trap: reason=class_check action=maybe_recompile pc=0x00000000040b2950 method=com.google.common.collect.AbstractMapBasedMultimap$WrappedCollection.refreshIfEmpty()V @ 59
Event: 23.463 Thread 0x0000000002a8d800 Uncommon trap: reason=class_check action=maybe_recompile pc=0x00000000040b5cac method=com.google.common.collect.AbstractMapBasedMultimap$WrappedCollection.refreshIfEmpty()V @ 59
Event: 23.463 Thread 0x0000000002a8d800 Uncommon trap: reason=class_check action=maybe_recompile pc=0x0000000004049f90 method=com.google.common.collect.AbstractMapBasedMultimap$WrappedCollection.refreshIfEmpty()V @ 59
Event: 23.468 Thread 0x0000000002a8d800 Uncommon trap: reason=unstable_if action=reinterpret pc=0x00000000040bbbb8 method=com.sun.org.apache.xerces.internal.dom.ParentNode.checkNormalizationAfterInsert(Lcom/sun/org/apache/xerces/internal/dom/ChildNode;)V @ 27
Event: 23.468 Thread 0x0000000002a8d800 Uncommon trap: reason=unstable_if action=reinterpret pc=0x00000000032422c8 method=com.sun.org.apache.xerces.internal.dom.ParentNode.checkNormalizationAfterInsert(Lcom/sun/org/apache/xerces/internal/dom/ChildNode;)V @ 27
Event: 23.496 Thread 0x0000000002a8d800 Uncommon trap: reason=unstable_if action=reinterpret pc=0x00000000040d034c method=com.android.utils.XmlUtils.append(Lcom/android/utils/XmlUtils$PositionAwareStringBuilder;Lorg/w3c/dom/Node;Ljava/util/Map;)V @ 450
Event: 23.496 Thread 0x0000000002a8d800 Uncommon trap: reason=unstable_if action=reinterpret pc=0x00000000040d034c method=com.android.utils.XmlUtils.append(Lcom/android/utils/XmlUtils$PositionAwareStringBuilder;Lorg/w3c/dom/Node;Ljava/util/Map;)V @ 450
Event: 23.503 Thread 0x0000000002a8d800 Uncommon trap: reason=unstable_if action=reinterpret pc=0x00000000040d034c method=com.android.utils.XmlUtils.append(Lcom/android/utils/XmlUtils$PositionAwareStringBuilder;Lorg/w3c/dom/Node;Ljava/util/Map;)V @ 450
Event: 23.503 Thread 0x0000000002a8d800 Uncommon trap: reason=class_check action=maybe_recompile pc=0x00000000040420dc method=java.io.Writer.append(Ljava/lang/CharSequence;)Ljava/io/Writer; @ 20
Event: 23.505 Thread 0x0000000002a8d800 Uncommon trap: reason=unstable_if action=reinterpret pc=0x00000000040b394c method=sun.nio.cs.UTF_8$Encoder.encodeArrayLoop(Ljava/nio/CharBuffer;Ljava/nio/ByteBuffer;)Ljava/nio/charset/CoderResult; @ 400

Internal exceptions (10 events):
Event: 15.205 Thread 0x0000000002a8d800 Exception <a 'java/lang/ClassNotFoundException': org/gradle/model/internal/core/ModelMapGroovyViewBeanInfo> (0x00000000dfbe1a28) thrown at [C:\re\workspace\8-2-build-windows-amd64-cygwin\jdk8u91\7017\hotspot\src\share\vm\classfile\systemDictionary.cpp, linEœw[]i.@
Event: 15.206 Thread 0x0000000002a8d800 Exception <a 'java/lang/ClassNotFoundException': org/gradle/model/internal/core/ModelMapGroovyViewCustomizer> (0x00000000dfbf1dd8) thrown at [C:\re\workspace\8-2-build-windows-amd64-cygwin\jdk8u91\7017\hotspot\src\share\vm\classfile\systemDictionary.cpp, l¡ŸsVn.@
Event: 15.216 Thread 0x0000000002a8d800 Exception <a 'java/lang/ClassNotFoundException': org/gradle/model/internal/core/NodeBackedModelMapCustomizer> (0x00000000dfc15658) thrown at [C:\re\workspace\8-2-build-windows-amd64-cygwin\jdk8u91\7017\hotspot\src\share\vm\classfile\systemDictionary.cpp, l™?.so.@
Event: 15.218 Thread 0x0000000002a8d800 Exception <a 'java/lang/ClassNotFoundException': org/gradle/platform/base/BinaryContainer_ImplCustomizer> (0x00000000dfc71da0) thrown at [C:\re\workspace\8-2-build-windows-amd64-cygwin\jdk8u91\7017\hotspot\src\share\vm\classfile\systemDictionary.cpp, line fGL<71@
Event: 17.216 Thread 0x0000000002a8d800 Implicit null exception at 0x0000000003c6174c to 0x0000000003c617bd
Event: 17.644 Thread 0x0000000002a8d800 Implicit null exception at 0x0000000003386565 to 0x00000000033867dd
Event: 19.412 Thread 0x0000000002a8d800 Implicit null exception at 0x0000000003302717 to 0x0000000003302991
Event: 23.496 Thread 0x0000000002a8d800 Implicit null exception at 0x00000000040d1a9a to 0x00000000040d032d
Event: 23.496 Thread 0x0000000002a8d800 Implicit null exception at 0x00000000040d1a9a to 0x00000000040d032d
Event: 23.503 Thread 0x0000000002a8d800 Implicit null exception at 0x00000000040d1a9a to 0x00000000040d032d

Events (10 events):
Event: 23.525 loading class com/google/common/collect/MapMaker$RemovalCause$1
Event: 23.525 loading class com/google/common/collect/MapMaker$RemovalCause$1 done
Event: 23.525 loading class com/google/common/collect/MapMaker$RemovalCause$2
Event: 23.525 loading class com/google/common/collect/MapMaker$RemovalCause$2 done
Event: 23.525 loading class com/google/common/collect/MapMaker$RemovalCause$3
Event: 23.525 loading class com/google/common/collect/MapMaker$RemovalCause$3 done
Event: 23.525 loading class com/google/common/collect/MapMaker$RemovalCause$4
Event: 23.525 loading class com/google/common/collect/MapMaker$RemovalCause$4 done
Event: 23.525 loading class com/google/common/collect/MapMaker$RemovalCause$5
Event: 23.525 loading class com/google/common/collect/MapMaker$RemovalCause$5 done


Dynamic libraries:
0x00007ff68bea0000 - 0x00007ff68bed7000 	C:\Program Files\Java\jdk1.8.0_91\bin\java.exe
0x00007ffad9b50000 - 0x00007ffad9d11000 	C:\Windows\SYSTEM32\ntdll.dll
0x00007ffad8d30000 - 0x00007ffad8ddd000 	C:\Windows\system32\KERNEL32.DLL
0x00007ffad6510000 - 0x00007ffad66f8000 	C:\Windows\system32\KERNELBASE.dll
0x00007ffad70e0000 - 0x00007ffad7187000 	C:\Windows\system32\ADVAPI32.dll
0x00007ffad98c0000 - 0x00007ffad995d000 	C:\Windows\system32\msvcrt.dll
0x00007ffad8ed0000 - 0x00007ffad8f2b000 	C:\Windows\system32\sechost.dll
0x00007ffad91f0000 - 0x00007ffad930c000 	C:\Windows\system32\RPCRT4.dll
0x00007ffad8970000 - 0x00007ffad8ac6000 	C:\Windows\system32\USER32.dll
0x00007ffad6f50000 - 0x00007ffad70d6000 	C:\Windows\system32\GDI32.dll
0x00007ffacbc10000 - 0x00007ffacbe84000 	C:\Windows\WinSxS\amd64_microsoft.windows.common-controls_6595b64144ccf1df_6.0.10586.672_none_a2d6b3cea53ff843\COMCTL32.dll
0x00007ffad7190000 - 0x00007ffad740d000 	C:\Windows\system32\combase.dll
0x00007ffad6700000 - 0x00007ffad676a000 	C:\Windows\system32\bcryptPrimitives.dll
0x00007ffad8ad0000 - 0x00007ffad8b0b000 	C:\Windows\system32\IMM32.DLL
0x000000005c930000 - 0x000000005ca02000 	C:\Program Files\Java\jdk1.8.0_91\jre\bin\msvcr100.dll
0x000000005c090000 - 0x000000005c923000 	C:\Program Files\Java\jdk1.8.0_91\jre\bin\server\jvm.dll
0x00007ffad8ec0000 - 0x00007ffad8ec8000 	C:\Windows\system32\PSAPI.DLL
0x00007ffacd560000 - 0x00007ffacd569000 	C:\Windows\SYSTEM32\WSOCK32.dll
0x00007ffad8cc0000 - 0x00007ffad8d2b000 	C:\Windows\system32\WS2_32.dll
0x00007ffad47e0000 - 0x00007ffad4803000 	C:\Windows\SYSTEM32\WINMM.dll
0x00007ffad26c0000 - 0x00007ffad26ca000 	C:\Windows\SYSTEM32\VERSION.dll
0x00007ffad45d0000 - 0x00007ffad45fc000 	C:\Windows\SYSTEM32\WINMMBASE.dll
0x00007ffad6ea0000 - 0x00007ffad6ee3000 	C:\Windows\system32\cfgmgr32.dll
0x000000005c080000 - 0x000000005c08f000 	C:\Program Files\Java\jdk1.8.0_91\jre\bin\verify.dll
0x000000005c050000 - 0x000000005c079000 	C:\Program Files\Java\jdk1.8.0_91\jre\bin\java.dll
0x000000005c030000 - 0x000000005c046000 	C:\Program Files\Java\jdk1.8.0_91\jre\bin\zip.dll
0x00007ffad7410000 - 0x00007ffad896c000 	C:\Windows\system32\SHELL32.dll
0x00007ffad6850000 - 0x00007ffad6e95000 	C:\Windows\system32\windows.storage.dll
0x00007ffad9af0000 - 0x00007ffad9b42000 	C:\Windows\system32\shlwapi.dll
0x00007ffad61e0000 - 0x00007ffad61ef000 	C:\Windows\system32\kernel.appcore.dll
0x00007ffad6790000 - 0x00007ffad6845000 	C:\Windows\system32\shcore.dll
0x00007ffad6190000 - 0x00007ffad61db000 	C:\Windows\system32\powrprof.dll
0x00007ffad6170000 - 0x00007ffad6184000 	C:\Windows\system32\profapi.dll
0x000000005c010000 - 0x000000005c02a000 	C:\Program Files\Java\jdk1.8.0_91\jre\bin\net.dll
0x00007ffad5aa0000 - 0x00007ffad5afc000 	C:\Windows\system32\mswsock.dll
0x000000005bff0000 - 0x000000005c001000 	C:\Program Files\Java\jdk1.8.0_91\jre\bin\nio.dll
0x00007ffac9600000 - 0x00007ffac9612000 	C:\Users\Aamir Shah\.gradle\native\19\windows-amd64\native-platform.dll
0x0000000180000000 - 0x0000000180037000 	C:\Users\Aamir Shah\.gradle\native\jna\win32-amd64\jnidispatch.dll
0x00007ffad5b50000 - 0x00007ffad5b67000 	C:\Windows\SYSTEM32\CRYPTSP.dll
0x00007ffad57e0000 - 0x00007ffad5814000 	C:\Windows\system32\rsaenh.dll
0x00007ffad5d70000 - 0x00007ffad5d99000 	C:\Windows\SYSTEM32\bcrypt.dll
0x00007ffad5930000 - 0x00007ffad594f000 	C:\Windows\SYSTEM32\USERENV.dll
0x00007ffad5c70000 - 0x00007ffad5c7b000 	C:\Windows\SYSTEM32\CRYPTBASE.dll
0x00007ffad35d0000 - 0x00007ffad3608000 	C:\Windows\SYSTEM32\IPHLPAPI.DLL
0x00007ffad9ae0000 - 0x00007ffad9ae8000 	C:\Windows\system32\NSI.dll
0x00007ffacfbd0000 - 0x00007ffacfbe6000 	C:\Windows\SYSTEM32\dhcpcsvc6.DLL
0x00007ffacf7b0000 - 0x00007ffacf7ca000 	C:\Windows\SYSTEM32\dhcpcsvc.DLL
0x000000005bfe0000 - 0x000000005bfed000 	C:\Program Files\Java\jdk1.8.0_91\jre\bin\management.dll

VM Arguments:
jvm_args: -Dorg.gradle.appname=gradlew 
java_command: org.gradle.wrapper.GradleWrapperMain installDebug
java_class_path (initial): E:\test\nativeHelloWorld\android\\gradle\wrapper\gradle-wrapper.jar
Launcher Type: SUN_STANDARD

Environment Variables:
JAVA_HOME=C:\Program Files\Java\jdk1.8.0_91
CLASSPATH=E:\test\nativeHelloWorld\android\\gradle\wrapper\gradle-wrapper.jar
PATH=C:\ProgramData\Oracle\Java\javapath;C:\Windows\system32;C:\Windows;C:\Windows\System32\Wbem;C:\Windows\System32\WindowsPowerShell\v1.0\;C:\Program Files (x86)\ATI Technologies\ATI.ACE\Core-Static;C:\Program Files (x86)\Skype\Phone\;C:\Program Files\Git\cmd;C:\apache-ant-1.9.7\bin;C:\Program Files (x86)\Android\android-sdk\tools;C:\Program Files (x86)\Android\android-sdk\platform-tools;C:\Program Files\Java\jre1.8.0_91\bin;C:\Program Files\Java\jdk1.8.0_91\bin;C:\Users\Aamir Shah\Downloads\Compressed\bin;C:\Program Files\nodejs\;C:\Program Files\nodejs\;C:\Program Files (x86)\Microsoft VS Code\bin;C:\Users\Aamir Shah\AppData\Local\atom\bin;C:\Program Files\Java\jre1.8.0_91\bin;C:\Program Files\Java\jdk1.8.0_91\bin;C:\Program Files (x86)\Android\android-sdk\build-tools\22.0.1;C:\Users\Aamir Shah\Downloads\Compressed\bin\openssl.exe;C:\Users\Aamir Shah\AppData\Roaming\npm;C:\Program Files\Heroku\bin
USERNAME=Aamir Shah
OS=Windows_NT
PROCESSOR_IDENTIFIER=Intel64 Family 6 Model 23 Stepping 10, GenuineIntel



---------------  S Y S T E M  ---------------

OS: Windows 10.0 , 64 bit Build 10586 (10.0.10586.589)

CPU:total 2 (2 cores per cpu, 1 threads per core) family 6 model 23 stepping 10, cmov, cx8, fxsr, mmx, sse, sse2, sse3, ssse3, sse4.1, tsc

Memory: 4k page, physical 8318200k(2867648k free), swap 8996248k(6400k free)

vm_info: Java HotSpot(TM) 64-Bit Server VM (25.91-b15) for windows-amd64 JRE (1.8.0_91-b15), built on May 20 2016 17:43:15 by "java_re" with MS VC++ 10.0 (VS2010)

time: Tue Apr 18 16:15:07 2017
elapsed time: 23 seconds (0d 0h 0m 23s)

